 
****************************************
Report : clocks
Design : SYS_TOP
Version: K-2015.06
Date   : Wed Oct 23 18:55:35 2024
****************************************

Attributes:
    d - dont_touch_network
    f - fix_hold
    p - propagated_clock
    G - generated_clock
    g - lib_generated_clock

Clock          Period   Waveform            Attrs     Sources
--------------------------------------------------------------------------------
ALU_CLK         20.00   {0 10}              G d       {U_ALU/CLK}
REF_CLK         20.00   {0 10}              d         {REF_CLK}
RX_CLK         271.30   {0 135.648}         G d       {U_UART_RX/CLK}
SCAN_CLK        10.00   {0 5}               d         {scan_clk}
TX_CLK        8681.50   {0 4340.75}         G d       {U_UART_TX/clk}
UART_CLK       271.30   {0 135.648}         d         {UART_CLK}
--------------------------------------------------------------------------------

Generated     Master         Generated      Master         Waveform
Clock         Source         Source         Clock          Modification
--------------------------------------------------------------------------------
ALU_CLK       REF_CLK        {U_ALU/CLK}    REF_CLK        divide_by(1)
RX_CLK        UART_CLK       {U_UART_RX/CLK}
                                            UART_CLK       divide_by(1)
TX_CLK        UART_CLK       {U_UART_TX/clk}
                                            UART_CLK       divide_by(32)
--------------------------------------------------------------------------------
1
